<?xml version="1.0" encoding="UTF-8"?>
<!-- Generated by org.testng.reporters.JUnitXMLReporter -->
<testsuite ignored="1" hostname="DESKTOP-3EL3S29" failures="0" tests="1" name="ATC_Test" time="48.639" errors="0" timestamp="10 Apr 2020 15:57:30 GMT">
  <testcase classname="crm.qa.ProductTestcase.ProductPageTestCase" name="ProductQtyAdd" time="21.289"/>
  <testcase classname="crm.qa.ProductTestcase.ProductPageTestCase" name="ProductTest" time="0.0">
    <ignored/>
  </testcase> <!-- ProductTest -->
</testsuite> <!-- ATC_Test -->
